[1105/151435.143:ERROR:directory_reader_win.cc(43)] FindFirstFile: Le chemin d’accès spécifié est introuvable. (0x3)
[1116/120002.325:ERROR:directory_reader_win.cc(43)] FindFirstFile: Le chemin d’accès spécifié est introuvable. (0x3)
[1116/151201.095:ERROR:directory_reader_win.cc(43)] FindFirstFile: Le chemin d’accès spécifié est introuvable. (0x3)
[1121/144821.875:ERROR:directory_reader_win.cc(43)] FindFirstFile: Le chemin d’accès spécifié est introuvable. (0x3)
[1121/170753.776:ERROR:directory_reader_win.cc(43)] FindFirstFile: Le chemin d’accès spécifié est introuvable. (0x3)
[1122/104310.861:ERROR:directory_reader_win.cc(43)] FindFirstFile: Le chemin d’accès spécifié est introuvable. (0x3)
[1123/104310.868:ERROR:directory_reader_win.cc(43)] FindFirstFile: Le chemin d’accès spécifié est introuvable. (0x3)
[1123/111813.962:ERROR:process_info.cc(329)] VirtualQueryEx: Accès refusé. (0x5)
[1123/111813.963:ERROR:process_info.cc(556)] ReadMemoryInfo failed
[1123/111813.963:ERROR:scoped_process_suspend.cc(40)] NtResumeProcess: Tentative d’accès à un processus en cours d’arrêt. (0xc000010a)
[1123/111814.004:ERROR:process_info.cc(329)] VirtualQueryEx: Accès refusé. (0x5)
[1123/111814.006:ERROR:process_info.cc(556)] ReadMemoryInfo failed
[1123/111814.006:ERROR:scoped_process_suspend.cc(40)] NtResumeProcess: Tentative d’accès à un processus en cours d’arrêt. (0xc000010a)
[1123/111814.036:ERROR:process_info.cc(329)] VirtualQueryEx: Accès refusé. (0x5)
[1123/111814.041:ERROR:process_info.cc(556)] ReadMemoryInfo failed
[1123/111814.042:ERROR:process_memory_win.cc(39)] Failed to initialize ProcessInfo.
[1123/111814.043:ERROR:scoped_process_suspend.cc(40)] NtResumeProcess: Tentative d’accès à un processus en cours d’arrêt. (0xc000010a)
[1123/111814.080:ERROR:process_info.cc(329)] VirtualQueryEx: Accès refusé. (0x5)
[1123/111814.081:ERROR:process_info.cc(556)] ReadMemoryInfo failed
[1123/111814.081:ERROR:process_memory_win.cc(39)] Failed to initialize ProcessInfo.
[1123/111814.082:ERROR:scoped_process_suspend.cc(40)] NtResumeProcess: Tentative d’accès à un processus en cours d’arrêt. (0xc000010a)
[1123/111814.103:ERROR:process_reader_win.cc(123)] NtOpenThread: {Accès refusé} Un processus a demandé l’accès a un objet, mais il ne bénéficie pas des autorisations nécessaires. (0xc0000022)
[1123/111814.105:ERROR:exception_snapshot_win.cc(99)] thread ID 9912 not found in process
[1123/111814.105:ERROR:scoped_process_suspend.cc(40)] NtResumeProcess: Tentative d’accès à un processus en cours d’arrêt. (0xc000010a)
